<?xml version="1.0" encoding="UTF-8"?>
<testsuite name="WordPuzzleTest" tests="2" skipped="0" failures="0" errors="0" timestamp="2016-02-10T03:37:11" hostname="ReviveITs-MacBook-Air.local" time="0.001">
  <properties/>
  <testcase name="wordPuzzle_WillReturnSameWordwithMultipleVowels" classname="WordPuzzleTest" time="0.0"/>
  <testcase name="wordPuzzle_WillReturnSameWordwithNoVowels" classname="WordPuzzleTest" time="0.0"/>
  <system-out><![CDATA[]]></system-out>
  <system-err><![CDATA[]]></system-err>
</testsuite>
